;  LST file generated by mikroListExporter - v.2.0 
; Date/Time: 3/23/2020 1:35:09 AM
;----------------------------------------------

;Address Opcode 	ASM
0x0000	0x2816      	GOTO       22
_____DoICP:
;__Lib_System.c,6 :: 		
;__Lib_System.c,9 :: 		
0x0003	0x1283      	BCF        STATUS, 5
0x0004	0x1303      	BCF        STATUS, 6
0x0005	0x0821      	MOVF       ___DoICPAddr+1, 0
0x0006	0x008A      	MOVWF      PCLATH
;__Lib_System.c,10 :: 		
0x0007	0x0820      	MOVF       ___DoICPAddr, 0
0x0008	0x0082      	MOVWF      PCL
;__Lib_System.c,12 :: 		
L_end_____DoICP:
0x0009	0x0008      	RETURN
; end of _____DoICP
___CC2DW:
;__Lib_System.c,134 :: 		
;__Lib_System.c,137 :: 		
_CC2D_Loop1:
;__Lib_System.c,139 :: 		
0x000A	0x2003      	CALL       _____DoICP
0x000B	0x118A      	BCF        PCLATH, 3
0x000C	0x120A      	BCF        PCLATH, 4
;__Lib_System.c,141 :: 		
0x000D	0x0080      	MOVWF      INDF
;__Lib_System.c,142 :: 		
0x000E	0x0A84      	INCF       FSR, 1
;__Lib_System.c,143 :: 		
0x000F	0x0AA0      	INCF       ___DoICPAddr, 1
;__Lib_System.c,145 :: 		
0x0010	0x1903      	BTFSC      STATUS, 2
;__Lib_System.c,146 :: 		
0x0011	0x0AA1      	INCF       ___DoICPAddr+1, 1
;__Lib_System.c,147 :: 		
0x0012	0x03F0      	DECF       R0, 1
;__Lib_System.c,149 :: 		
0x0013	0x1D03      	BTFSS      STATUS, 2
;__Lib_System.c,150 :: 		
0x0014	0x280A      	GOTO       _CC2D_Loop1
;__Lib_System.c,152 :: 		
L_end___CC2DW:
0x0015	0x0008      	RETURN
; end of ___CC2DW
_main:
;Auto Garage (2).c,31 :: 		void main() {
;Auto Garage (2).c,33 :: 		char segment[] = { zero, one, two, three, four, five, six, seven, eight, nine};
0x0016	0x303F      	MOVLW      63
0x0017	0x1283      	BCF        STATUS, 5
0x0018	0x1303      	BCF        STATUS, 6
0x0019	0x00A2      	MOVWF      main_segment_L0
0x001A	0x3006      	MOVLW      6
0x001B	0x00A3      	MOVWF      main_segment_L0+1
0x001C	0x305B      	MOVLW      91
0x001D	0x00A4      	MOVWF      main_segment_L0+2
0x001E	0x304F      	MOVLW      79
0x001F	0x00A5      	MOVWF      main_segment_L0+3
0x0020	0x3066      	MOVLW      102
0x0021	0x00A6      	MOVWF      main_segment_L0+4
0x0022	0x306D      	MOVLW      109
0x0023	0x00A7      	MOVWF      main_segment_L0+5
0x0024	0x307D      	MOVLW      125
0x0025	0x00A8      	MOVWF      main_segment_L0+6
0x0026	0x3007      	MOVLW      7
0x0027	0x00A9      	MOVWF      main_segment_L0+7
0x0028	0x307F      	MOVLW      127
0x0029	0x00AA      	MOVWF      main_segment_L0+8
0x002A	0x306F      	MOVLW      111
0x002B	0x00AB      	MOVWF      main_segment_L0+9
0x002C	0x01AC      	CLRF       main_count_L0
;Auto Garage (2).c,36 :: 		trisb = 0b00111111; portb = 0;      //set pins 0,1,2,3,4,5 of port B as I/P & set O/P pins to GND
0x002D	0x303F      	MOVLW      63
0x002E	0x1683      	BSF        STATUS, 5
0x002F	0x0086      	MOVWF      TRISB
0x0030	0x1283      	BCF        STATUS, 5
0x0031	0x0186      	CLRF       PORTB
;Auto Garage (2).c,37 :: 		trisd = 0; portd = 0;     //set port B as O/P & initialize it to GND
0x0032	0x1683      	BSF        STATUS, 5
0x0033	0x0188      	CLRF       TRISD
0x0034	0x1283      	BCF        STATUS, 5
0x0035	0x0188      	CLRF       PORTD
;Auto Garage (2).c,38 :: 		trisc = 0;           //seven seg port C as O/P
0x0036	0x1683      	BSF        STATUS, 5
0x0037	0x0187      	CLRF       TRISC
;Auto Garage (2).c,39 :: 		portc = segment[count];  //display zero
0x0038	0x1283      	BCF        STATUS, 5
0x0039	0x082C      	MOVF       main_count_L0, 0
0x003A	0x3E22      	ADDLW      main_segment_L0
0x003B	0x0084      	MOVWF      FSR
0x003C	0x0800      	MOVF       INDF, 0
0x003D	0x0087      	MOVWF      PORTC
;Auto Garage (2).c,41 :: 		start:
___main_start:
;Auto Garage (2).c,42 :: 		if( S1 == 1)             //check entering cars
0x003E	0x1C06      	BTFSS      PORTB, 0
0x003F	0x28AA      	GOTO       L_main0
;Auto Garage (2).c,44 :: 		if(count == 9)
0x0040	0x082C      	MOVF       main_count_L0, 0
0x0041	0x3A09      	XORLW      9
0x0042	0x1D03      	BTFSS      STATUS, 2
0x0043	0x2854      	GOTO       L_main1
;Auto Garage (2).c,46 :: 		LED = 1;
0x0044	0x1608      	BSF        PORTD, 4
;Auto Garage (2).c,47 :: 		delay_ms(2000);
0x0045	0x3015      	MOVLW      21
0x0046	0x00FB      	MOVWF      R11
0x0047	0x304B      	MOVLW      75
0x0048	0x00FC      	MOVWF      R12
0x0049	0x30BE      	MOVLW      190
0x004A	0x00FD      	MOVWF      R13
L_main2:
0x004B	0x0BFD      	DECFSZ     R13, 1
0x004C	0x284B      	GOTO       L_main2
0x004D	0x0BFC      	DECFSZ     R12, 1
0x004E	0x284B      	GOTO       L_main2
0x004F	0x0BFB      	DECFSZ     R11, 1
0x0050	0x284B      	GOTO       L_main2
0x0051	0x0000      	NOP
;Auto Garage (2).c,48 :: 		LED = 0;
0x0052	0x1208      	BCF        PORTD, 4
;Auto Garage (2).c,49 :: 		goto start;
0x0053	0x283E      	GOTO       ___main_start
;Auto Garage (2).c,50 :: 		}//end of if(count == 9)
L_main1:
;Auto Garage (2).c,52 :: 		enter:
___main_enter:
;Auto Garage (2).c,53 :: 		portc = segment[++count];
0x0054	0x0AAC      	INCF       main_count_L0, 1
0x0055	0x082C      	MOVF       main_count_L0, 0
0x0056	0x3E22      	ADDLW      main_segment_L0
0x0057	0x0084      	MOVWF      FSR
0x0058	0x0800      	MOVF       INDF, 0
0x0059	0x0087      	MOVWF      PORTC
;Auto Garage (2).c,54 :: 		entry_motor_open = 1;
0x005A	0x1408      	BSF        PORTD, 0
;Auto Garage (2).c,55 :: 		while (LS1 == 0);  //gate still opening
L_main3:
0x005B	0x1886      	BTFSC      PORTB, 1
0x005C	0x285E      	GOTO       L_main4
0x005D	0x285B      	GOTO       L_main3
L_main4:
;Auto Garage (2).c,56 :: 		entry_motor_open = 0;
0x005E	0x1008      	BCF        PORTD, 0
;Auto Garage (2).c,57 :: 		delay_ms(1000);
0x005F	0x300B      	MOVLW      11
0x0060	0x00FB      	MOVWF      R11
0x0061	0x3026      	MOVLW      38
0x0062	0x00FC      	MOVWF      R12
0x0063	0x305D      	MOVLW      93
0x0064	0x00FD      	MOVWF      R13
L_main5:
0x0065	0x0BFD      	DECFSZ     R13, 1
0x0066	0x2865      	GOTO       L_main5
0x0067	0x0BFC      	DECFSZ     R12, 1
0x0068	0x2865      	GOTO       L_main5
0x0069	0x0BFB      	DECFSZ     R11, 1
0x006A	0x2865      	GOTO       L_main5
0x006B	0x0000      	NOP
0x006C	0x0000      	NOP
;Auto Garage (2).c,58 :: 		while(S1 == 1);  //car is still entering
L_main6:
0x006D	0x1C06      	BTFSS      PORTB, 0
0x006E	0x2870      	GOTO       L_main7
0x006F	0x286D      	GOTO       L_main6
L_main7:
;Auto Garage (2).c,59 :: 		entry_motor_close = 1;
0x0070	0x1488      	BSF        PORTD, 1
;Auto Garage (2).c,60 :: 		check_LS2:
___main_check_LS2:
;Auto Garage (2).c,61 :: 		if(LS2 == 1)      //fully closed
0x0071	0x1D06      	BTFSS      PORTB, 2
0x0072	0x2883      	GOTO       L_main8
;Auto Garage (2).c,63 :: 		entry_motor_close = 0;
0x0073	0x1088      	BCF        PORTD, 1
;Auto Garage (2).c,64 :: 		delay_ms(1000);
0x0074	0x300B      	MOVLW      11
0x0075	0x00FB      	MOVWF      R11
0x0076	0x3026      	MOVLW      38
0x0077	0x00FC      	MOVWF      R12
0x0078	0x305D      	MOVLW      93
0x0079	0x00FD      	MOVWF      R13
L_main9:
0x007A	0x0BFD      	DECFSZ     R13, 1
0x007B	0x287A      	GOTO       L_main9
0x007C	0x0BFC      	DECFSZ     R12, 1
0x007D	0x287A      	GOTO       L_main9
0x007E	0x0BFB      	DECFSZ     R11, 1
0x007F	0x287A      	GOTO       L_main9
0x0080	0x0000      	NOP
0x0081	0x0000      	NOP
;Auto Garage (2).c,65 :: 		goto start;
0x0082	0x283E      	GOTO       ___main_start
;Auto Garage (2).c,66 :: 		}
L_main8:
;Auto Garage (2).c,67 :: 		else if(S1 == 1)
0x0083	0x1C06      	BTFSS      PORTB, 0
0x0084	0x28A9      	GOTO       L_main11
;Auto Garage (2).c,69 :: 		if(count == 9)
0x0085	0x082C      	MOVF       main_count_L0, 0
0x0086	0x3A09      	XORLW      9
0x0087	0x1D03      	BTFSS      STATUS, 2
0x0088	0x2899      	GOTO       L_main12
;Auto Garage (2).c,71 :: 		LED = 1;
0x0089	0x1608      	BSF        PORTD, 4
;Auto Garage (2).c,72 :: 		delay_ms(2000);
0x008A	0x3015      	MOVLW      21
0x008B	0x00FB      	MOVWF      R11
0x008C	0x304B      	MOVLW      75
0x008D	0x00FC      	MOVWF      R12
0x008E	0x30BE      	MOVLW      190
0x008F	0x00FD      	MOVWF      R13
L_main13:
0x0090	0x0BFD      	DECFSZ     R13, 1
0x0091	0x2890      	GOTO       L_main13
0x0092	0x0BFC      	DECFSZ     R12, 1
0x0093	0x2890      	GOTO       L_main13
0x0094	0x0BFB      	DECFSZ     R11, 1
0x0095	0x2890      	GOTO       L_main13
0x0096	0x0000      	NOP
;Auto Garage (2).c,73 :: 		LED = 0;
0x0097	0x1208      	BCF        PORTD, 4
;Auto Garage (2).c,74 :: 		goto check_LS2;;
0x0098	0x2871      	GOTO       ___main_check_LS2
;Auto Garage (2).c,75 :: 		}//end of if(count == 9)
L_main12:
;Auto Garage (2).c,77 :: 		entry_motor_close = 0;
0x0099	0x1088      	BCF        PORTD, 1
;Auto Garage (2).c,78 :: 		delay_ms(1000);
0x009A	0x300B      	MOVLW      11
0x009B	0x00FB      	MOVWF      R11
0x009C	0x3026      	MOVLW      38
0x009D	0x00FC      	MOVWF      R12
0x009E	0x305D      	MOVLW      93
0x009F	0x00FD      	MOVWF      R13
L_main14:
0x00A0	0x0BFD      	DECFSZ     R13, 1
0x00A1	0x28A0      	GOTO       L_main14
0x00A2	0x0BFC      	DECFSZ     R12, 1
0x00A3	0x28A0      	GOTO       L_main14
0x00A4	0x0BFB      	DECFSZ     R11, 1
0x00A5	0x28A0      	GOTO       L_main14
0x00A6	0x0000      	NOP
0x00A7	0x0000      	NOP
;Auto Garage (2).c,79 :: 		goto enter;
0x00A8	0x2854      	GOTO       ___main_enter
;Auto Garage (2).c,80 :: 		}
L_main11:
;Auto Garage (2).c,81 :: 		goto check_LS2;
0x00A9	0x2871      	GOTO       ___main_check_LS2
;Auto Garage (2).c,82 :: 		}//end of detecting sensor 1
L_main0:
;Auto Garage (2).c,84 :: 		else if (S2 == 1)   //check leaving cars
0x00AA	0x1D86      	BTFSS      PORTB, 3
0x00AB	0x28F8      	GOTO       L_main16
;Auto Garage (2).c,86 :: 		if (count == 0)        //check empty garage
0x00AC	0x082C      	MOVF       main_count_L0, 0
0x00AD	0x3A00      	XORLW      0
0x00AE	0x1D03      	BTFSS      STATUS, 2
0x00AF	0x28B1      	GOTO       L_main17
;Auto Garage (2).c,87 :: 		goto start;
0x00B0	0x283E      	GOTO       ___main_start
L_main17:
;Auto Garage (2).c,89 :: 		leave:
___main_leave:
;Auto Garage (2).c,90 :: 		portc = segment[--count];
0x00B1	0x03AC      	DECF       main_count_L0, 1
0x00B2	0x082C      	MOVF       main_count_L0, 0
0x00B3	0x3E22      	ADDLW      main_segment_L0
0x00B4	0x0084      	MOVWF      FSR
0x00B5	0x0800      	MOVF       INDF, 0
0x00B6	0x0087      	MOVWF      PORTC
;Auto Garage (2).c,91 :: 		leave_motor_open = 1;
0x00B7	0x1508      	BSF        PORTD, 2
;Auto Garage (2).c,92 :: 		while (LS3 == 0);  //check still opening
L_main18:
0x00B8	0x1A06      	BTFSC      PORTB, 4
0x00B9	0x28BB      	GOTO       L_main19
0x00BA	0x28B8      	GOTO       L_main18
L_main19:
;Auto Garage (2).c,93 :: 		leave_motor_open = 0;
0x00BB	0x1108      	BCF        PORTD, 2
;Auto Garage (2).c,94 :: 		delay_ms(1000);
0x00BC	0x300B      	MOVLW      11
0x00BD	0x00FB      	MOVWF      R11
0x00BE	0x3026      	MOVLW      38
0x00BF	0x00FC      	MOVWF      R12
0x00C0	0x305D      	MOVLW      93
0x00C1	0x00FD      	MOVWF      R13
L_main20:
0x00C2	0x0BFD      	DECFSZ     R13, 1
0x00C3	0x28C2      	GOTO       L_main20
0x00C4	0x0BFC      	DECFSZ     R12, 1
0x00C5	0x28C2      	GOTO       L_main20
0x00C6	0x0BFB      	DECFSZ     R11, 1
0x00C7	0x28C2      	GOTO       L_main20
0x00C8	0x0000      	NOP
0x00C9	0x0000      	NOP
;Auto Garage (2).c,95 :: 		while (S2 == 1);
L_main21:
0x00CA	0x1D86      	BTFSS      PORTB, 3
0x00CB	0x28CD      	GOTO       L_main22
0x00CC	0x28CA      	GOTO       L_main21
L_main22:
;Auto Garage (2).c,96 :: 		leave_motor_close = 1;
0x00CD	0x1588      	BSF        PORTD, 3
;Auto Garage (2).c,98 :: 		check_LS4:
___main_check_LS4:
;Auto Garage (2).c,99 :: 		if(LS4 == 1)
0x00CE	0x1E86      	BTFSS      PORTB, 5
0x00CF	0x28E0      	GOTO       L_main23
;Auto Garage (2).c,101 :: 		leave_motor_close = 0;
0x00D0	0x1188      	BCF        PORTD, 3
;Auto Garage (2).c,102 :: 		delay_ms(1000);
0x00D1	0x300B      	MOVLW      11
0x00D2	0x00FB      	MOVWF      R11
0x00D3	0x3026      	MOVLW      38
0x00D4	0x00FC      	MOVWF      R12
0x00D5	0x305D      	MOVLW      93
0x00D6	0x00FD      	MOVWF      R13
L_main24:
0x00D7	0x0BFD      	DECFSZ     R13, 1
0x00D8	0x28D7      	GOTO       L_main24
0x00D9	0x0BFC      	DECFSZ     R12, 1
0x00DA	0x28D7      	GOTO       L_main24
0x00DB	0x0BFB      	DECFSZ     R11, 1
0x00DC	0x28D7      	GOTO       L_main24
0x00DD	0x0000      	NOP
0x00DE	0x0000      	NOP
;Auto Garage (2).c,103 :: 		goto start;
0x00DF	0x283E      	GOTO       ___main_start
;Auto Garage (2).c,104 :: 		}
L_main23:
;Auto Garage (2).c,105 :: 		else if (S2 == 1)
0x00E0	0x1D86      	BTFSS      PORTB, 3
0x00E1	0x28F7      	GOTO       L_main26
;Auto Garage (2).c,106 :: 		if(count == 0)
0x00E2	0x082C      	MOVF       main_count_L0, 0
0x00E3	0x3A00      	XORLW      0
0x00E4	0x1D03      	BTFSS      STATUS, 2
0x00E5	0x28E7      	GOTO       L_main27
;Auto Garage (2).c,107 :: 		goto check_LS4;
0x00E6	0x28CE      	GOTO       ___main_check_LS4
L_main27:
;Auto Garage (2).c,110 :: 		leave_motor_close = 0;
0x00E7	0x1188      	BCF        PORTD, 3
;Auto Garage (2).c,111 :: 		delay_ms(1000);
0x00E8	0x300B      	MOVLW      11
0x00E9	0x00FB      	MOVWF      R11
0x00EA	0x3026      	MOVLW      38
0x00EB	0x00FC      	MOVWF      R12
0x00EC	0x305D      	MOVLW      93
0x00ED	0x00FD      	MOVWF      R13
L_main29:
0x00EE	0x0BFD      	DECFSZ     R13, 1
0x00EF	0x28EE      	GOTO       L_main29
0x00F0	0x0BFC      	DECFSZ     R12, 1
0x00F1	0x28EE      	GOTO       L_main29
0x00F2	0x0BFB      	DECFSZ     R11, 1
0x00F3	0x28EE      	GOTO       L_main29
0x00F4	0x0000      	NOP
0x00F5	0x0000      	NOP
;Auto Garage (2).c,112 :: 		goto leave;
0x00F6	0x28B1      	GOTO       ___main_leave
;Auto Garage (2).c,113 :: 		}
L_main26:
;Auto Garage (2).c,115 :: 		goto check_LS4;
0x00F7	0x28CE      	GOTO       ___main_check_LS4
;Auto Garage (2).c,116 :: 		}//end of detecting sensor 2
L_main16:
;Auto Garage (2).c,119 :: 		goto start;
0x00F8	0x283E      	GOTO       ___main_start
;Auto Garage (2).c,120 :: 		}
L_end_main:
0x00F9	0x28F9      	GOTO       $+0
; end of _main
Symbol List:
//** Routines locations **
//ADDRESS    SIZE    PROCEDURE
//----------------------------------------------
0x0003       [7]    _____DoICP
0x000A      [12]    ___CC2DW
0x0016     [228]    _main
//** Variables locations ** 
//ADDRESS    SIZE    VARIABLE
//----------------------------------------------
0x0000       [1]    INDF
0x0002       [1]    PCL
0x0003       [1]    STATUS
0x0004       [1]    FSR
0x0006       [1]    PORTB
0x0007       [1]    PORTC
0x0008       [1]    PORTD
0x000A       [1]    PCLATH
0x0020       [2]    ___DoICPAddr
0x0022      [10]    main_segment_L0
0x002C       [1]    main_count_L0
0x0070       [1]    R0
0x0071       [1]    R1
0x0072       [1]    R2
0x0073       [1]    R3
0x0074       [1]    R4
0x0075       [1]    R5
0x0076       [1]    R6
0x0077       [1]    R7
0x0078       [1]    R8
0x0079       [1]    R9
0x007A       [1]    R10
0x007B       [1]    R11
0x007C       [1]    R12
0x007D       [1]    R13
0x007E       [1]    R14
0x007F       [1]    R15
0x0086       [1]    TRISB
0x0087       [1]    TRISC
0x0088       [1]    TRISD
//** Label List: ** 
//----------------------------------------------
  ___main_start
  L_main0
  L_main1
  L_main2
  ___main_enter
  L_main3
  L_main4
  L_main5
  L_main6
  L_main7
  ___main_check_LS2
  L_main8
  L_main9
  L_main10
  L_main11
  L_main12
  L_main13
  L_main14
  L_main15
  L_main16
  L_main17
  ___main_leave
  L_main18
  L_main19
  L_main20
  L_main21
  L_main22
  ___main_check_LS4
  L_main23
  L_main24
  L_main25
  L_main26
  L_main27
  L_main28
  L_main29
  L_main30
  L_main31
  L_end_main
  _main
  L_loopCA2AWs
  L_CA2AWend
  _CCA2AW_Loop1
  L_loopCS2Ss
  L_CS2Send
  _CCS2S_Loop1
  L_CCS2Send
  L_loopFZinSWs
  L_FZinSend
  _CC2D_Loop1
  L_end_____DoICP
  _____DoICP
  L_end_____DoIFC
  _____DoIFC
  L_end___CA2AW
  ___CA2AW
  L_end___CCA2AW
  ___CCA2AW
  L_end___CS2S
  ___CS2S
  L_end___CCS2S
  ___CCS2S
  L_end___FZinS
  ___FZinS
  L_end___CC2DW
  ___CC2DW
  L_end_Swap
  _Swap
