;  LST file generated by mikroListExporter - v.2.0 
; Date/Time: 3/22/2020 4:53:30 PM
;----------------------------------------------

;Address Opcode 	ASM
0x0000	0x2816      	GOTO       22
_____DoICP:
;__Lib_System.c,6 :: 		
;__Lib_System.c,9 :: 		
0x0003	0x1283      	BCF        STATUS, 5
0x0004	0x1303      	BCF        STATUS, 6
0x0005	0x0821      	MOVF       ___DoICPAddr+1, 0
0x0006	0x008A      	MOVWF      PCLATH
;__Lib_System.c,10 :: 		
0x0007	0x0820      	MOVF       ___DoICPAddr, 0
0x0008	0x0082      	MOVWF      PCL
;__Lib_System.c,12 :: 		
L_end_____DoICP:
0x0009	0x0008      	RETURN
; end of _____DoICP
___CC2DW:
;__Lib_System.c,134 :: 		
;__Lib_System.c,137 :: 		
_CC2D_Loop1:
;__Lib_System.c,139 :: 		
0x000A	0x2003      	CALL       _____DoICP
0x000B	0x118A      	BCF        PCLATH, 3
0x000C	0x120A      	BCF        PCLATH, 4
;__Lib_System.c,141 :: 		
0x000D	0x0080      	MOVWF      INDF
;__Lib_System.c,142 :: 		
0x000E	0x0A84      	INCF       FSR, 1
;__Lib_System.c,143 :: 		
0x000F	0x0AA0      	INCF       ___DoICPAddr, 1
;__Lib_System.c,145 :: 		
0x0010	0x1903      	BTFSC      STATUS, 2
;__Lib_System.c,146 :: 		
0x0011	0x0AA1      	INCF       ___DoICPAddr+1, 1
;__Lib_System.c,147 :: 		
0x0012	0x03F0      	DECF       R0, 1
;__Lib_System.c,149 :: 		
0x0013	0x1D03      	BTFSS      STATUS, 2
;__Lib_System.c,150 :: 		
0x0014	0x280A      	GOTO       _CC2D_Loop1
;__Lib_System.c,152 :: 		
L_end___CC2DW:
0x0015	0x0008      	RETURN
; end of ___CC2DW
_main:
;AutomaticDoor.c,14 :: 		void main() {
;AutomaticDoor.c,16 :: 		trisb = 0b00001111; portb = 0;      //set pins 0,1,2,3 of port B as I/P & initialize O/P pins to GND
0x0016	0x300F      	MOVLW      15
0x0017	0x1683      	BSF        STATUS, 5
0x0018	0x1303      	BCF        STATUS, 6
0x0019	0x0086      	MOVWF      TRISB
0x001A	0x1283      	BCF        STATUS, 5
0x001B	0x0186      	CLRF       PORTB
;AutomaticDoor.c,17 :: 		trisd = 0; portd = 0;     ////set port B as O/P & initialize it to GND
0x001C	0x1683      	BSF        STATUS, 5
0x001D	0x0188      	CLRF       TRISD
0x001E	0x1283      	BCF        STATUS, 5
0x001F	0x0188      	CLRF       PORTD
;AutomaticDoor.c,19 :: 		start:
___main_start:
;AutomaticDoor.c,20 :: 		check_in_out:
___main_check_in_out:
;AutomaticDoor.c,21 :: 		if((S1 ==1 ) || (S2 == 1))
0x0020	0x1806      	BTFSC      PORTB, 0
0x0021	0x2825      	GOTO       L__main17
0x0022	0x1886      	BTFSC      PORTB, 1
0x0023	0x2825      	GOTO       L__main17
0x0024	0x2827      	GOTO       L_main2
L__main17:
;AutomaticDoor.c,22 :: 		open: DIR1 = 1;     //open door
___main_open:
0x0025	0x1408      	BSF        PORTD, 0
0x0026	0x2828      	GOTO       L_main3
L_main2:
;AutomaticDoor.c,24 :: 		goto check_in_out;
0x0027	0x2820      	GOTO       ___main_check_in_out
L_main3:
;AutomaticDoor.c,26 :: 		delay_ms(1000);
0x0028	0x300B      	MOVLW      11
0x0029	0x00FB      	MOVWF      R11
0x002A	0x3026      	MOVLW      38
0x002B	0x00FC      	MOVWF      R12
0x002C	0x305D      	MOVLW      93
0x002D	0x00FD      	MOVWF      R13
L_main4:
0x002E	0x0BFD      	DECFSZ     R13, 1
0x002F	0x282E      	GOTO       L_main4
0x0030	0x0BFC      	DECFSZ     R12, 1
0x0031	0x282E      	GOTO       L_main4
0x0032	0x0BFB      	DECFSZ     R11, 1
0x0033	0x282E      	GOTO       L_main4
0x0034	0x0000      	NOP
0x0035	0x0000      	NOP
;AutomaticDoor.c,28 :: 		check_fully_opened:
___main_check_fully_opened:
;AutomaticDoor.c,29 :: 		if(LS1 == 1)
0x0036	0x1D06      	BTFSS      PORTB, 2
0x0037	0x283A      	GOTO       L_main5
;AutomaticDoor.c,30 :: 		DIR1 = 0;     //stop opening
0x0038	0x1008      	BCF        PORTD, 0
0x0039	0x283B      	GOTO       L_main6
L_main5:
;AutomaticDoor.c,32 :: 		goto check_fully_opened;
0x003A	0x2836      	GOTO       ___main_check_fully_opened
L_main6:
;AutomaticDoor.c,33 :: 		delay_ms(2000);
0x003B	0x3015      	MOVLW      21
0x003C	0x00FB      	MOVWF      R11
0x003D	0x304B      	MOVLW      75
0x003E	0x00FC      	MOVWF      R12
0x003F	0x30BE      	MOVLW      190
0x0040	0x00FD      	MOVWF      R13
L_main7:
0x0041	0x0BFD      	DECFSZ     R13, 1
0x0042	0x2841      	GOTO       L_main7
0x0043	0x0BFC      	DECFSZ     R12, 1
0x0044	0x2841      	GOTO       L_main7
0x0045	0x0BFB      	DECFSZ     R11, 1
0x0046	0x2841      	GOTO       L_main7
0x0047	0x0000      	NOP
;AutomaticDoor.c,35 :: 		DIR2 = 1;      //close door
0x0048	0x1488      	BSF        PORTD, 1
;AutomaticDoor.c,36 :: 		check_fully_closed:
___main_check_fully_closed:
;AutomaticDoor.c,37 :: 		if(LS2 == 1)   //fully closed
0x0049	0x1D86      	BTFSS      PORTB, 3
0x004A	0x285B      	GOTO       L_main8
;AutomaticDoor.c,39 :: 		DIR2 = 0;  //stop closing
0x004B	0x1088      	BCF        PORTD, 1
;AutomaticDoor.c,40 :: 		delay_ms(1000);
0x004C	0x300B      	MOVLW      11
0x004D	0x00FB      	MOVWF      R11
0x004E	0x3026      	MOVLW      38
0x004F	0x00FC      	MOVWF      R12
0x0050	0x305D      	MOVLW      93
0x0051	0x00FD      	MOVWF      R13
L_main9:
0x0052	0x0BFD      	DECFSZ     R13, 1
0x0053	0x2852      	GOTO       L_main9
0x0054	0x0BFC      	DECFSZ     R12, 1
0x0055	0x2852      	GOTO       L_main9
0x0056	0x0BFB      	DECFSZ     R11, 1
0x0057	0x2852      	GOTO       L_main9
0x0058	0x0000      	NOP
0x0059	0x0000      	NOP
;AutomaticDoor.c,41 :: 		goto start;
0x005A	0x2820      	GOTO       ___main_start
;AutomaticDoor.c,42 :: 		}
L_main8:
;AutomaticDoor.c,43 :: 		else if((S1 ==1 ) || (S2 == 1)) //Check enter or leave
0x005B	0x1806      	BTFSC      PORTB, 0
0x005C	0x2860      	GOTO       L__main16
0x005D	0x1886      	BTFSC      PORTB, 1
0x005E	0x2860      	GOTO       L__main16
0x005F	0x2870      	GOTO       L_main13
L__main16:
;AutomaticDoor.c,45 :: 		DIR2 = 0;
0x0060	0x1088      	BCF        PORTD, 1
;AutomaticDoor.c,46 :: 		delay_ms(1000);
0x0061	0x300B      	MOVLW      11
0x0062	0x00FB      	MOVWF      R11
0x0063	0x3026      	MOVLW      38
0x0064	0x00FC      	MOVWF      R12
0x0065	0x305D      	MOVLW      93
0x0066	0x00FD      	MOVWF      R13
L_main14:
0x0067	0x0BFD      	DECFSZ     R13, 1
0x0068	0x2867      	GOTO       L_main14
0x0069	0x0BFC      	DECFSZ     R12, 1
0x006A	0x2867      	GOTO       L_main14
0x006B	0x0BFB      	DECFSZ     R11, 1
0x006C	0x2867      	GOTO       L_main14
0x006D	0x0000      	NOP
0x006E	0x0000      	NOP
;AutomaticDoor.c,47 :: 		goto open;
0x006F	0x2825      	GOTO       ___main_open
;AutomaticDoor.c,48 :: 		}
L_main13:
;AutomaticDoor.c,50 :: 		goto check_fully_closed;
0x0070	0x2849      	GOTO       ___main_check_fully_closed
;AutomaticDoor.c,51 :: 		}
L_end_main:
0x0071	0x2871      	GOTO       $+0
; end of _main
Symbol List:
//** Routines locations **
//ADDRESS    SIZE    PROCEDURE
//----------------------------------------------
0x0003       [7]    _____DoICP
0x000A      [12]    ___CC2DW
0x0016      [92]    _main
//** Variables locations ** 
//ADDRESS    SIZE    VARIABLE
//----------------------------------------------
0x0000       [1]    INDF
0x0002       [1]    PCL
0x0003       [1]    STATUS
0x0004       [1]    FSR
0x0006       [1]    PORTB
0x0008       [1]    PORTD
0x000A       [1]    PCLATH
0x0020       [2]    ___DoICPAddr
0x0070       [1]    R0
0x0071       [1]    R1
0x0072       [1]    R2
0x0073       [1]    R3
0x0074       [1]    R4
0x0075       [1]    R5
0x0076       [1]    R6
0x0077       [1]    R7
0x0078       [1]    R8
0x0079       [1]    R9
0x007A       [1]    R10
0x007B       [1]    R11
0x007C       [1]    R12
0x007D       [1]    R13
0x007E       [1]    R14
0x007F       [1]    R15
0x0086       [1]    TRISB
0x0088       [1]    TRISD
//** Label List: ** 
//----------------------------------------------
  ___main_start
  ___main_check_in_out
  L_main0
  L_main1
  L_main2
  ___main_open
  L_main3
  L_main4
  ___main_check_fully_opened
  L_main5
  L_main6
  L_main7
  ___main_check_fully_closed
  L_main8
  L_main9
  L_main10
  L_main11
  L_main12
  L_main13
  L_main14
  L_main15
  L__main16
  L__main17
  L_end_main
  _main
  L_loopCA2AWs
  L_CA2AWend
  _CCA2AW_Loop1
  L_loopCS2Ss
  L_CS2Send
  _CCS2S_Loop1
  L_CCS2Send
  L_loopFZinSWs
  L_FZinSend
  _CC2D_Loop1
  L_end_____DoICP
  _____DoICP
  L_end_____DoIFC
  _____DoIFC
  L_end___CA2AW
  ___CA2AW
  L_end___CCA2AW
  ___CCA2AW
  L_end___CS2S
  ___CS2S
  L_end___CCS2S
  ___CCS2S
  L_end___FZinS
  ___FZinS
  L_end___CC2DW
  ___CC2DW
  L_end_Swap
  _Swap
