;  LST file generated by mikroListExporter - v.2.0 
; Date/Time: 3/28/2020 2:31:24 PM
;----------------------------------------------

;Address Opcode 	ASM
0x0000	0x2816      	GOTO       22
_____DoICP:
;__Lib_System.c,6 :: 		
;__Lib_System.c,9 :: 		
0x0003	0x1283      	BCF        STATUS, 5
0x0004	0x1303      	BCF        STATUS, 6
0x0005	0x0821      	MOVF       ___DoICPAddr+1, 0
0x0006	0x008A      	MOVWF      PCLATH
;__Lib_System.c,10 :: 		
0x0007	0x0820      	MOVF       ___DoICPAddr, 0
0x0008	0x0082      	MOVWF      PCL
;__Lib_System.c,12 :: 		
L_end_____DoICP:
0x0009	0x0008      	RETURN
; end of _____DoICP
___CC2DW:
;__Lib_System.c,134 :: 		
;__Lib_System.c,137 :: 		
_CC2D_Loop1:
;__Lib_System.c,139 :: 		
0x000A	0x2003      	CALL       _____DoICP
0x000B	0x118A      	BCF        PCLATH, 3
0x000C	0x120A      	BCF        PCLATH, 4
;__Lib_System.c,141 :: 		
0x000D	0x0080      	MOVWF      INDF
;__Lib_System.c,142 :: 		
0x000E	0x0A84      	INCF       FSR, 1
;__Lib_System.c,143 :: 		
0x000F	0x0AA0      	INCF       ___DoICPAddr, 1
;__Lib_System.c,145 :: 		
0x0010	0x1903      	BTFSC      STATUS, 2
;__Lib_System.c,146 :: 		
0x0011	0x0AA1      	INCF       ___DoICPAddr+1, 1
;__Lib_System.c,147 :: 		
0x0012	0x03F0      	DECF       R0, 1
;__Lib_System.c,149 :: 		
0x0013	0x1D03      	BTFSS      STATUS, 2
;__Lib_System.c,150 :: 		
0x0014	0x280A      	GOTO       _CC2D_Loop1
;__Lib_System.c,152 :: 		
L_end___CC2DW:
0x0015	0x0008      	RETURN
; end of ___CC2DW
_main:
;Traffic Light.c,16 :: 		void main()
;Traffic Light.c,18 :: 		char j, i, ones=0, tens=0, cnt1 = 0, cnt2 = 0, temp1=0, temp2=1;
0x0016	0x1283      	BCF        STATUS, 5
0x0017	0x1303      	BCF        STATUS, 6
0x0018	0x01A2      	CLRF       main_cnt1_L0
0x0019	0x01A3      	CLRF       main_cnt2_L0
0x001A	0x01A4      	CLRF       main_temp1_L0
0x001B	0x3001      	MOVLW      1
0x001C	0x00A5      	MOVWF      main_temp2_L0
;Traffic Light.c,19 :: 		trisb = 0;       trisd = 1;  //f0 as I/P FOR START BUTTON
0x001D	0x1683      	BSF        STATUS, 5
0x001E	0x0186      	CLRF       TRISB
0x001F	0x3001      	MOVLW      1
0x0020	0x0088      	MOVWF      TRISD
;Traffic Light.c,20 :: 		portb = 0;       portd = 0;  //display zero on 7-SEG
0x0021	0x1283      	BCF        STATUS, 5
0x0022	0x0186      	CLRF       PORTB
0x0023	0x0188      	CLRF       PORTD
;Traffic Light.c,22 :: 		while (start == 1);  //check start butoon released
L_main0:
0x0024	0x1C08      	BTFSS      PORTD, 0
0x0025	0x2827      	GOTO       L_main1
0x0026	0x2824      	GOTO       L_main0
L_main1:
;Traffic Light.c,24 :: 		led = 1;
0x0027	0x1588      	BSF        PORTD, 3
;Traffic Light.c,25 :: 		for(;;)
L_main2:
;Traffic Light.c,27 :: 		cnt2=1;
0x0028	0x3001      	MOVLW      1
0x0029	0x00A3      	MOVWF      main_cnt2_L0
;Traffic Light.c,28 :: 		for(j=6; j>0; j--)
0x002A	0x3006      	MOVLW      6
0x002B	0x00F1      	MOVWF      R1
L_main5:
0x002C	0x0871      	MOVF       R1, 0
0x002D	0x3C00      	SUBLW      0
0x002E	0x1803      	BTFSC      STATUS, 0
0x002F	0x2855      	GOTO       L_main6
;Traffic Light.c,30 :: 		cnt1 = j-1;
0x0030	0x0371      	DECF       R1, 0
0x0031	0x00A2      	MOVWF      main_cnt1_L0
;Traffic Light.c,31 :: 		for(i=0; i<50; i++)
0x0032	0x01F2      	CLRF       R2
L_main8:
0x0033	0x3032      	MOVLW      50
0x0034	0x0272      	SUBWF      R2, 0
0x0035	0x1803      	BTFSC      STATUS, 0
0x0036	0x2853      	GOTO       L_main9
;Traffic Light.c,33 :: 		portb = cnt2;
0x0037	0x0823      	MOVF       main_cnt2_L0, 0
0x0038	0x0086      	MOVWF      PORTB
;Traffic Light.c,34 :: 		tens_GND = 1;   delay_ms(10);    tens_GND = 0;
0x0039	0x1508      	BSF        PORTD, 2
0x003A	0x301A      	MOVLW      26
0x003B	0x00FC      	MOVWF      R12
0x003C	0x30F8      	MOVLW      248
0x003D	0x00FD      	MOVWF      R13
L_main11:
0x003E	0x0BFD      	DECFSZ     R13, 1
0x003F	0x283E      	GOTO       L_main11
0x0040	0x0BFC      	DECFSZ     R12, 1
0x0041	0x283E      	GOTO       L_main11
0x0042	0x0000      	NOP
0x0043	0x1108      	BCF        PORTD, 2
;Traffic Light.c,36 :: 		portb = cnt1;
0x0044	0x0822      	MOVF       main_cnt1_L0, 0
0x0045	0x0086      	MOVWF      PORTB
;Traffic Light.c,37 :: 		ones_GND = 1;   delay_ms(10);    ones_GND = 0;
0x0046	0x1488      	BSF        PORTD, 1
0x0047	0x301A      	MOVLW      26
0x0048	0x00FC      	MOVWF      R12
0x0049	0x30F8      	MOVLW      248
0x004A	0x00FD      	MOVWF      R13
L_main12:
0x004B	0x0BFD      	DECFSZ     R13, 1
0x004C	0x284B      	GOTO       L_main12
0x004D	0x0BFC      	DECFSZ     R12, 1
0x004E	0x284B      	GOTO       L_main12
0x004F	0x0000      	NOP
0x0050	0x1088      	BCF        PORTD, 1
;Traffic Light.c,31 :: 		for(i=0; i<50; i++)
0x0051	0x0AF2      	INCF       R2, 1
;Traffic Light.c,38 :: 		}
0x0052	0x2833      	GOTO       L_main8
L_main9:
;Traffic Light.c,28 :: 		for(j=6; j>0; j--)
0x0053	0x03F1      	DECF       R1, 1
;Traffic Light.c,39 :: 		}
0x0054	0x282C      	GOTO       L_main5
L_main6:
;Traffic Light.c,41 :: 		ones_GND = 1;
0x0055	0x1488      	BSF        PORTD, 1
;Traffic Light.c,42 :: 		for(j=10; j>0; j--)
0x0056	0x300A      	MOVLW      10
0x0057	0x00F1      	MOVWF      R1
L_main13:
0x0058	0x0871      	MOVF       R1, 0
0x0059	0x3C00      	SUBLW      0
0x005A	0x1803      	BTFSC      STATUS, 0
0x005B	0x2872      	GOTO       L_main14
;Traffic Light.c,44 :: 		cnt1 = j-1;
0x005C	0x0371      	DECF       R1, 0
0x005D	0x00F0      	MOVWF      R0
0x005E	0x0870      	MOVF       R0, 0
0x005F	0x00A2      	MOVWF      main_cnt1_L0
;Traffic Light.c,45 :: 		portb = cnt1;
0x0060	0x0870      	MOVF       R0, 0
0x0061	0x0086      	MOVWF      PORTB
;Traffic Light.c,46 :: 		delay_ms(1000);
0x0062	0x300B      	MOVLW      11
0x0063	0x00FB      	MOVWF      R11
0x0064	0x3026      	MOVLW      38
0x0065	0x00FC      	MOVWF      R12
0x0066	0x305D      	MOVLW      93
0x0067	0x00FD      	MOVWF      R13
L_main16:
0x0068	0x0BFD      	DECFSZ     R13, 1
0x0069	0x2868      	GOTO       L_main16
0x006A	0x0BFC      	DECFSZ     R12, 1
0x006B	0x2868      	GOTO       L_main16
0x006C	0x0BFB      	DECFSZ     R11, 1
0x006D	0x2868      	GOTO       L_main16
0x006E	0x0000      	NOP
0x006F	0x0000      	NOP
;Traffic Light.c,42 :: 		for(j=10; j>0; j--)
0x0070	0x03F1      	DECF       R1, 1
;Traffic Light.c,47 :: 		}
0x0071	0x2858      	GOTO       L_main13
L_main14:
;Traffic Light.c,50 :: 		temp2 = led;
0x0072	0x3000      	MOVLW      0
0x0073	0x1988      	BTFSC      PORTD, 3
0x0074	0x3001      	MOVLW      1
0x0075	0x00A5      	MOVWF      main_temp2_L0
;Traffic Light.c,51 :: 		led = temp1;
0x0076	0x1824      	BTFSC      main_temp1_L0, 0
0x0077	0x287A      	GOTO       L__main18
0x0078	0x1188      	BCF        PORTD, 3
0x0079	0x287B      	GOTO       L__main19
L__main18:
0x007A	0x1588      	BSF        PORTD, 3
L__main19:
;Traffic Light.c,52 :: 		temp1 = temp2;
0x007B	0x0825      	MOVF       main_temp2_L0, 0
0x007C	0x00A4      	MOVWF      main_temp1_L0
;Traffic Light.c,54 :: 		}
0x007D	0x2828      	GOTO       L_main2
;Traffic Light.c,55 :: 		}
L_end_main:
0x007E	0x287E      	GOTO       $+0
; end of _main
Symbol List:
//** Routines locations **
//ADDRESS    SIZE    PROCEDURE
//----------------------------------------------
0x0003       [7]    _____DoICP
0x000A      [12]    ___CC2DW
0x0016     [105]    _main
//** Variables locations ** 
//ADDRESS    SIZE    VARIABLE
//----------------------------------------------
0x0000       [1]    INDF
0x0002       [1]    PCL
0x0003       [1]    STATUS
0x0004       [1]    FSR
0x0006       [1]    PORTB
0x0008       [1]    PORTD
0x000A       [1]    PCLATH
0x0020       [2]    ___DoICPAddr
0x0022       [1]    main_cnt1_L0
0x0023       [1]    main_cnt2_L0
0x0024       [1]    main_temp1_L0
0x0025       [1]    main_temp2_L0
0x0070       [1]    R0
0x0071       [1]    R1
0x0072       [1]    R2
0x0073       [1]    R3
0x0074       [1]    R4
0x0075       [1]    R5
0x0076       [1]    R6
0x0077       [1]    R7
0x0078       [1]    R8
0x0079       [1]    R9
0x007A       [1]    R10
0x007B       [1]    R11
0x007C       [1]    R12
0x007D       [1]    R13
0x007E       [1]    R14
0x007F       [1]    R15
0x0086       [1]    TRISB
0x0088       [1]    TRISD
//** Label List: ** 
//----------------------------------------------
  L_main0
  L_main1
  L_main2
  L_main3
  L_main4
  L_main5
  L_main6
  L_main7
  L_main8
  L_main9
  L_main10
  L_main11
  L_main12
  L_main13
  L_main14
  L_main15
  L_main16
  L_end_main
  _main
  L__main18
  L__main19
  L_loopCA2AWs
  L_CA2AWend
  _CCA2AW_Loop1
  L_loopCS2Ss
  L_CS2Send
  _CCS2S_Loop1
  L_CCS2Send
  L_loopFZinSWs
  L_FZinSend
  _CC2D_Loop1
  L_end_____DoICP
  _____DoICP
  L_end_____DoIFC
  _____DoIFC
  L_end___CA2AW
  ___CA2AW
  L_end___CCA2AW
  ___CCA2AW
  L_end___CS2S
  ___CS2S
  L_end___CCS2S
  ___CCS2S
  L_end___FZinS
  ___FZinS
  L_end___CC2DW
  ___CC2DW
  L_end_Swap
  _Swap
