;  LST file generated by mikroListExporter - v.2.0 
; Date/Time: 8/9/2020 9:23:03 PM
;----------------------------------------------

;Address Opcode 	ASM
0x0000	0x2896      	GOTO       150
_____DoICP:
;__Lib_System.c,6 :: 		
;__Lib_System.c,9 :: 		
0x0003	0x1283      	BCF        STATUS, 5
0x0004	0x1303      	BCF        STATUS, 6
0x0005	0x0821      	MOVF       ___DoICPAddr+1, 0
0x0006	0x008A      	MOVWF      PCLATH
;__Lib_System.c,10 :: 		
0x0007	0x0820      	MOVF       ___DoICPAddr, 0
0x0008	0x0082      	MOVWF      PCL
;__Lib_System.c,12 :: 		
L_end_____DoICP:
0x0009	0x0008      	RETURN
; end of _____DoICP
_UART1_Init:
;__Lib_UART_c67.c,2 :: 		
;__Lib_UART_c67.c,5 :: 		
0x000A	0x1683      	BSF        STATUS, 5
0x000B	0x1303      	BCF        STATUS, 6
0x000C	0x1698      	BSF        TXSTA, 5
;__Lib_UART_c67.c,6 :: 		
0x000D	0x3090      	MOVLW      144
0x000E	0x1283      	BCF        STATUS, 5
0x000F	0x0098      	MOVWF      RCSTA
;__Lib_UART_c67.c,7 :: 		
0x0010	0x1683      	BSF        STATUS, 5
0x0011	0x1787      	BSF        TRISC7_bit, BitPos(TRISC7_bit+0)
;__Lib_UART_c67.c,8 :: 		
0x0012	0x1307      	BCF        TRISC6_bit, BitPos(TRISC6_bit+0)
;__Lib_UART_c67.c,10 :: 		
L_UART1_Init0:
0x0013	0x1283      	BCF        STATUS, 5
0x0014	0x1E8C      	BTFSS      PIR1, 5
0x0015	0x2819      	GOTO       L_UART1_Init1
;__Lib_UART_c67.c,11 :: 		
0x0016	0x081A      	MOVF       RCREG, 0
0x0017	0x00F0      	MOVWF      R0
0x0018	0x2813      	GOTO       L_UART1_Init0
L_UART1_Init1:
;__Lib_UART_c67.c,12 :: 		
L_end_UART1_Init:
0x0019	0x0008      	RETURN
; end of _UART1_Init
_UART1_Data_Ready:
;__Lib_UART_c67.c,16 :: 		
;__Lib_UART_c67.c,17 :: 		
0x001A	0x3000      	MOVLW      0
0x001B	0x1283      	BCF        STATUS, 5
0x001C	0x1303      	BCF        STATUS, 6
0x001D	0x1A8C      	BTFSC      PIR1, 5
0x001E	0x3001      	MOVLW      1
0x001F	0x00F0      	MOVWF      R0
;__Lib_UART_c67.c,18 :: 		
L_end_UART1_Data_Ready:
0x0020	0x0008      	RETURN
; end of _UART1_Data_Ready
_pins_config:
;Transporter_With_HC05.c,164 :: 		void pins_config()
;Transporter_With_HC05.c,166 :: 		UART1_Init(9600);   // Universal Asynchronous Reciver Transmitter initialization for bluetooth module (BaudeRate--> speed of DAta transmition and reciver )
0x0021	0x3081      	MOVLW      129
0x0022	0x1683      	BSF        STATUS, 5
0x0023	0x1303      	BCF        STATUS, 6
0x0024	0x0099      	MOVWF      SPBRG
0x0025	0x1518      	BSF        TXSTA, 2
0x0026	0x200A      	CALL       _UART1_Init
;Transporter_With_HC05.c,167 :: 		Delay_ms(100);      // Wait for UART module to stabilize
0x0027	0x3003      	MOVLW      3
0x0028	0x00FB      	MOVWF      R11
0x0029	0x308A      	MOVLW      138
0x002A	0x00FC      	MOVWF      R12
0x002B	0x3055      	MOVLW      85
0x002C	0x00FD      	MOVWF      R13
L_pins_config25:
0x002D	0x0BFD      	DECFSZ     R13, 1
0x002E	0x282D      	GOTO       L_pins_config25
0x002F	0x0BFC      	DECFSZ     R12, 1
0x0030	0x282D      	GOTO       L_pins_config25
0x0031	0x0BFB      	DECFSZ     R11, 1
0x0032	0x282D      	GOTO       L_pins_config25
0x0033	0x0000      	NOP
0x0034	0x0000      	NOP
;Transporter_With_HC05.c,168 :: 		trisb = 0b00000000; //make port b as output
0x0035	0x1683      	BSF        STATUS, 5
0x0036	0x0186      	CLRF       TRISB
;Transporter_With_HC05.c,169 :: 		portb = 0b00000000; //initiating all pins by zero (logic low)
0x0037	0x1283      	BCF        STATUS, 5
0x0038	0x0186      	CLRF       PORTB
;Transporter_With_HC05.c,170 :: 		trisd = 0b00000000; //make port d as output
0x0039	0x1683      	BSF        STATUS, 5
0x003A	0x0188      	CLRF       TRISD
;Transporter_With_HC05.c,171 :: 		portd = 0b00000000; //initiating all pins by zero (logic low)
0x003B	0x1283      	BCF        STATUS, 5
0x003C	0x0188      	CLRF       PORTD
;Transporter_With_HC05.c,172 :: 		}
L_end_pins_config:
0x003D	0x0008      	RETURN
; end of _pins_config
_move_F:
;Transporter_With_HC05.c,174 :: 		void move_F()       //move forward function
;Transporter_With_HC05.c,176 :: 		RM1=1;
0x003E	0x1283      	BCF        STATUS, 5
0x003F	0x1303      	BCF        STATUS, 6
0x0040	0x1406      	BSF        PORTB, 0
;Transporter_With_HC05.c,177 :: 		RM2=0;
0x0041	0x1086      	BCF        PORTB, 1
;Transporter_With_HC05.c,178 :: 		LM1=1;
0x0042	0x1506      	BSF        PORTB, 2
;Transporter_With_HC05.c,179 :: 		LM2=0;
0x0043	0x1186      	BCF        PORTB, 3
;Transporter_With_HC05.c,180 :: 		}
L_end_move_F:
0x0044	0x0008      	RETURN
; end of _move_F
_move_B:
;Transporter_With_HC05.c,198 :: 		void move_B()       //move back function
;Transporter_With_HC05.c,200 :: 		RM1=0;
0x0045	0x1283      	BCF        STATUS, 5
0x0046	0x1303      	BCF        STATUS, 6
0x0047	0x1006      	BCF        PORTB, 0
;Transporter_With_HC05.c,201 :: 		RM2=1;
0x0048	0x1486      	BSF        PORTB, 1
;Transporter_With_HC05.c,202 :: 		LM1=0;
0x0049	0x1106      	BCF        PORTB, 2
;Transporter_With_HC05.c,203 :: 		LM2=1;
0x004A	0x1586      	BSF        PORTB, 3
;Transporter_With_HC05.c,204 :: 		}
L_end_move_B:
0x004B	0x0008      	RETURN
; end of _move_B
_move_R:
;Transporter_With_HC05.c,182 :: 		void move_R()       //move right function
;Transporter_With_HC05.c,184 :: 		RM1=0;
0x004C	0x1283      	BCF        STATUS, 5
0x004D	0x1303      	BCF        STATUS, 6
0x004E	0x1006      	BCF        PORTB, 0
;Transporter_With_HC05.c,185 :: 		RM2=1;
0x004F	0x1486      	BSF        PORTB, 1
;Transporter_With_HC05.c,186 :: 		LM1=1;
0x0050	0x1506      	BSF        PORTB, 2
;Transporter_With_HC05.c,187 :: 		LM2=0;
0x0051	0x1186      	BCF        PORTB, 3
;Transporter_With_HC05.c,188 :: 		}
L_end_move_R:
0x0052	0x0008      	RETURN
; end of _move_R
_move_L:
;Transporter_With_HC05.c,190 :: 		void move_L()       //move left function
;Transporter_With_HC05.c,192 :: 		RM1=1;
0x0053	0x1283      	BCF        STATUS, 5
0x0054	0x1303      	BCF        STATUS, 6
0x0055	0x1406      	BSF        PORTB, 0
;Transporter_With_HC05.c,193 :: 		RM2=0;
0x0056	0x1086      	BCF        PORTB, 1
;Transporter_With_HC05.c,194 :: 		LM1=0;
0x0057	0x1106      	BCF        PORTB, 2
;Transporter_With_HC05.c,195 :: 		LM2=1;
0x0058	0x1586      	BSF        PORTB, 3
;Transporter_With_HC05.c,196 :: 		}
L_end_move_L:
0x0059	0x0008      	RETURN
; end of _move_L
_move_GO:
;Transporter_With_HC05.c,238 :: 		void move_GO()      //open grapper function
;Transporter_With_HC05.c,240 :: 		GMOC1=1;
0x005A	0x1283      	BCF        STATUS, 5
0x005B	0x1303      	BCF        STATUS, 6
0x005C	0x1408      	BSF        PORTD, 0
;Transporter_With_HC05.c,241 :: 		GMOC2=0;
0x005D	0x1088      	BCF        PORTD, 1
;Transporter_With_HC05.c,242 :: 		}
L_end_move_GO:
0x005E	0x0008      	RETURN
; end of _move_GO
_UART1_Read:
;__Lib_UART_c67.c,21 :: 		
;__Lib_UART_c67.c,24 :: 		
0x005F	0x1283      	BCF        STATUS, 5
0x0060	0x1303      	BCF        STATUS, 6
0x0061	0x081A      	MOVF       RCREG, 0
0x0062	0x00F1      	MOVWF      R1
;__Lib_UART_c67.c,25 :: 		
0x0063	0x1C98      	BTFSS      RCSTA, 1
0x0064	0x2867      	GOTO       L_UART1_Read2
;__Lib_UART_c67.c,26 :: 		
0x0065	0x1218      	BCF        RCSTA, 4
;__Lib_UART_c67.c,27 :: 		
0x0066	0x1618      	BSF        RCSTA, 4
;__Lib_UART_c67.c,28 :: 		
L_UART1_Read2:
;__Lib_UART_c67.c,29 :: 		
0x0067	0x0871      	MOVF       R1, 0
0x0068	0x00F0      	MOVWF      R0
;__Lib_UART_c67.c,30 :: 		
L_end_UART1_Read:
0x0069	0x0008      	RETURN
; end of _UART1_Read
_move_S:
;Transporter_With_HC05.c,206 :: 		void move_S()       //stop the robot function
;Transporter_With_HC05.c,208 :: 		RM1=0;
0x006A	0x1283      	BCF        STATUS, 5
0x006B	0x1303      	BCF        STATUS, 6
0x006C	0x1006      	BCF        PORTB, 0
;Transporter_With_HC05.c,209 :: 		RM2=0;
0x006D	0x1086      	BCF        PORTB, 1
;Transporter_With_HC05.c,210 :: 		LM1=0;
0x006E	0x1106      	BCF        PORTB, 2
;Transporter_With_HC05.c,211 :: 		LM2=0;
0x006F	0x1186      	BCF        PORTB, 3
;Transporter_With_HC05.c,212 :: 		}
L_end_move_S:
0x0070	0x0008      	RETURN
; end of _move_S
_move_AR:
;Transporter_With_HC05.c,226 :: 		void move_AR()      //move Arm right function
;Transporter_With_HC05.c,228 :: 		AMRL1=1;
0x0071	0x1283      	BCF        STATUS, 5
0x0072	0x1303      	BCF        STATUS, 6
0x0073	0x1706      	BSF        PORTB, 6
;Transporter_With_HC05.c,229 :: 		AMRL2=0;
0x0074	0x1386      	BCF        PORTB, 7
;Transporter_With_HC05.c,230 :: 		}
L_end_move_AR:
0x0075	0x0008      	RETURN
; end of _move_AR
_move_AD:
;Transporter_With_HC05.c,220 :: 		void move_AD()      //move arm Down function
;Transporter_With_HC05.c,222 :: 		AMUD1=0;
0x0076	0x1283      	BCF        STATUS, 5
0x0077	0x1303      	BCF        STATUS, 6
0x0078	0x1206      	BCF        PORTB, 4
;Transporter_With_HC05.c,223 :: 		AMUD2=1;
0x0079	0x1686      	BSF        PORTB, 5
;Transporter_With_HC05.c,224 :: 		}
L_end_move_AD:
0x007A	0x0008      	RETURN
; end of _move_AD
_move_AU:
;Transporter_With_HC05.c,214 :: 		void move_AU()      //move Arm up function
;Transporter_With_HC05.c,216 :: 		AMUD1=1;
0x007B	0x1283      	BCF        STATUS, 5
0x007C	0x1303      	BCF        STATUS, 6
0x007D	0x1606      	BSF        PORTB, 4
;Transporter_With_HC05.c,217 :: 		AMUD2=0;
0x007E	0x1286      	BCF        PORTB, 5
;Transporter_With_HC05.c,218 :: 		}
L_end_move_AU:
0x007F	0x0008      	RETURN
; end of _move_AU
_move_AL:
;Transporter_With_HC05.c,232 :: 		void move_AL()      //move arm left function
;Transporter_With_HC05.c,234 :: 		AMRL1=0;
0x0080	0x1283      	BCF        STATUS, 5
0x0081	0x1303      	BCF        STATUS, 6
0x0082	0x1306      	BCF        PORTB, 6
;Transporter_With_HC05.c,235 :: 		AMRL2=1;
0x0083	0x1786      	BSF        PORTB, 7
;Transporter_With_HC05.c,236 :: 		}
L_end_move_AL:
0x0084	0x0008      	RETURN
; end of _move_AL
___CC2DW:
;__Lib_System.c,134 :: 		
;__Lib_System.c,137 :: 		
_CC2D_Loop1:
;__Lib_System.c,139 :: 		
0x0085	0x2003      	CALL       _____DoICP
0x0086	0x118A      	BCF        PCLATH, 3
0x0087	0x120A      	BCF        PCLATH, 4
;__Lib_System.c,141 :: 		
0x0088	0x0080      	MOVWF      INDF
;__Lib_System.c,142 :: 		
0x0089	0x0A84      	INCF       FSR, 1
;__Lib_System.c,143 :: 		
0x008A	0x0AA0      	INCF       ___DoICPAddr, 1
;__Lib_System.c,145 :: 		
0x008B	0x1903      	BTFSC      STATUS, 2
;__Lib_System.c,146 :: 		
0x008C	0x0AA1      	INCF       ___DoICPAddr+1, 1
;__Lib_System.c,147 :: 		
0x008D	0x03F0      	DECF       R0, 1
;__Lib_System.c,149 :: 		
0x008E	0x1D03      	BTFSS      STATUS, 2
;__Lib_System.c,150 :: 		
0x008F	0x2885      	GOTO       _CC2D_Loop1
;__Lib_System.c,152 :: 		
L_end___CC2DW:
0x0090	0x0008      	RETURN
; end of ___CC2DW
_move_GC:
;Transporter_With_HC05.c,244 :: 		void move_GC()      //close grapper function
;Transporter_With_HC05.c,247 :: 		GMOC1=0;
0x0091	0x1283      	BCF        STATUS, 5
0x0092	0x1303      	BCF        STATUS, 6
0x0093	0x1008      	BCF        PORTD, 0
;Transporter_With_HC05.c,248 :: 		GMOC2=1;
0x0094	0x1488      	BSF        PORTD, 1
;Transporter_With_HC05.c,249 :: 		}
L_end_move_GC:
0x0095	0x0008      	RETURN
; end of _move_GC
_main:
;Transporter_With_HC05.c,127 :: 		void main()
;Transporter_With_HC05.c,130 :: 		pins_config();
0x0096	0x2021      	CALL       _pins_config
;Transporter_With_HC05.c,132 :: 		while (1){
L_main0:
;Transporter_With_HC05.c,133 :: 		if(UART1_Data_Ready())  // if bluetooth data recived
0x0097	0x201A      	CALL       _UART1_Data_Ready
0x0098	0x0870      	MOVF       R0, 0
0x0099	0x1903      	BTFSC      STATUS, 2
0x009A	0x28E0      	GOTO       L_main2
;Transporter_With_HC05.c,135 :: 		Data =UART1_Read();     // store the data recived to variable named Data
0x009B	0x205F      	CALL       _UART1_Read
0x009C	0x0870      	MOVF       R0, 0
0x009D	0x00A2      	MOVWF      _Data
;Transporter_With_HC05.c,136 :: 		if(Data=='F')              //forward
0x009E	0x0870      	MOVF       R0, 0
0x009F	0x3A46      	XORLW      70
0x00A0	0x1D03      	BTFSS      STATUS, 2
0x00A1	0x28A4      	GOTO       L_main3
;Transporter_With_HC05.c,137 :: 		move_F();
0x00A2	0x203E      	CALL       _move_F
0x00A3	0x28E0      	GOTO       L_main4
L_main3:
;Transporter_With_HC05.c,138 :: 		else if(Data=='L')         //left
0x00A4	0x0822      	MOVF       _Data, 0
0x00A5	0x3A4C      	XORLW      76
0x00A6	0x1D03      	BTFSS      STATUS, 2
0x00A7	0x28AA      	GOTO       L_main5
;Transporter_With_HC05.c,139 :: 		move_L();
0x00A8	0x2053      	CALL       _move_L
0x00A9	0x28E0      	GOTO       L_main6
L_main5:
;Transporter_With_HC05.c,140 :: 		else if(Data=='R')         //right
0x00AA	0x0822      	MOVF       _Data, 0
0x00AB	0x3A52      	XORLW      82
0x00AC	0x1D03      	BTFSS      STATUS, 2
0x00AD	0x28B0      	GOTO       L_main7
;Transporter_With_HC05.c,141 :: 		move_R();
0x00AE	0x204C      	CALL       _move_R
0x00AF	0x28E0      	GOTO       L_main8
L_main7:
;Transporter_With_HC05.c,142 :: 		else if(Data=='B')         //back
0x00B0	0x0822      	MOVF       _Data, 0
0x00B1	0x3A42      	XORLW      66
0x00B2	0x1D03      	BTFSS      STATUS, 2
0x00B3	0x28B6      	GOTO       L_main9
;Transporter_With_HC05.c,143 :: 		move_B();
0x00B4	0x2045      	CALL       _move_B
0x00B5	0x28E0      	GOTO       L_main10
L_main9:
;Transporter_With_HC05.c,144 :: 		else if(Data=='S')         //stop
0x00B6	0x0822      	MOVF       _Data, 0
0x00B7	0x3A53      	XORLW      83
0x00B8	0x1D03      	BTFSS      STATUS, 2
0x00B9	0x28BC      	GOTO       L_main11
;Transporter_With_HC05.c,145 :: 		move_S();
0x00BA	0x206A      	CALL       _move_S
0x00BB	0x28E0      	GOTO       L_main12
L_main11:
;Transporter_With_HC05.c,146 :: 		else if(Data=='A')         //Arm up
0x00BC	0x0822      	MOVF       _Data, 0
0x00BD	0x3A41      	XORLW      65
0x00BE	0x1D03      	BTFSS      STATUS, 2
0x00BF	0x28C2      	GOTO       L_main13
;Transporter_With_HC05.c,147 :: 		move_AU();
0x00C0	0x207B      	CALL       _move_AU
0x00C1	0x28E0      	GOTO       L_main14
L_main13:
;Transporter_With_HC05.c,148 :: 		else if(Data=='a')         //Arm down
0x00C2	0x0822      	MOVF       _Data, 0
0x00C3	0x3A61      	XORLW      97
0x00C4	0x1D03      	BTFSS      STATUS, 2
0x00C5	0x28C8      	GOTO       L_main15
;Transporter_With_HC05.c,149 :: 		move_AD();
0x00C6	0x2076      	CALL       _move_AD
0x00C7	0x28E0      	GOTO       L_main16
L_main15:
;Transporter_With_HC05.c,150 :: 		else if(Data=='B')         //arm right
0x00C8	0x0822      	MOVF       _Data, 0
0x00C9	0x3A42      	XORLW      66
0x00CA	0x1D03      	BTFSS      STATUS, 2
0x00CB	0x28CE      	GOTO       L_main17
;Transporter_With_HC05.c,151 :: 		move_AR();
0x00CC	0x2071      	CALL       _move_AR
0x00CD	0x28E0      	GOTO       L_main18
L_main17:
;Transporter_With_HC05.c,152 :: 		else if(Data=='b')         //arm left
0x00CE	0x0822      	MOVF       _Data, 0
0x00CF	0x3A62      	XORLW      98
0x00D0	0x1D03      	BTFSS      STATUS, 2
0x00D1	0x28D4      	GOTO       L_main19
;Transporter_With_HC05.c,153 :: 		move_AL();
0x00D2	0x2080      	CALL       _move_AL
0x00D3	0x28E0      	GOTO       L_main20
L_main19:
;Transporter_With_HC05.c,154 :: 		else if(Data=='G')         //gripper open
0x00D4	0x0822      	MOVF       _Data, 0
0x00D5	0x3A47      	XORLW      71
0x00D6	0x1D03      	BTFSS      STATUS, 2
0x00D7	0x28DA      	GOTO       L_main21
;Transporter_With_HC05.c,155 :: 		move_GO();
0x00D8	0x205A      	CALL       _move_GO
0x00D9	0x28E0      	GOTO       L_main22
L_main21:
;Transporter_With_HC05.c,156 :: 		else if(Data=='g')         //gripper close
0x00DA	0x0822      	MOVF       _Data, 0
0x00DB	0x3A67      	XORLW      103
0x00DC	0x1D03      	BTFSS      STATUS, 2
0x00DD	0x28E0      	GOTO       L_main23
;Transporter_With_HC05.c,157 :: 		move_GC();
0x00DE	0x2091      	CALL       _move_GC
0x00DF	0x28E0      	GOTO       L_main24
L_main23:
;Transporter_With_HC05.c,158 :: 		else {};                   //do nothing
L_main24:
L_main22:
L_main20:
L_main18:
L_main16:
L_main14:
L_main12:
L_main10:
L_main8:
L_main6:
L_main4:
;Transporter_With_HC05.c,159 :: 		}
L_main2:
;Transporter_With_HC05.c,161 :: 		}        //end of while loop
0x00E0	0x2897      	GOTO       L_main0
;Transporter_With_HC05.c,162 :: 		}         //end of main function
L_end_main:
0x00E1	0x28E1      	GOTO       $+0
; end of _main
Symbol List:
//** Routines locations **
//ADDRESS    SIZE    PROCEDURE
//----------------------------------------------
0x0003       [7]    _____DoICP
0x000A      [16]    _UART1_Init
0x001A       [7]    _UART1_Data_Ready
0x0021      [29]    _pins_config
0x003E       [7]    _move_F
0x0045       [7]    _move_B
0x004C       [7]    _move_R
0x0053       [7]    _move_L
0x005A       [5]    _move_GO
0x005F      [11]    _UART1_Read
0x006A       [7]    _move_S
0x0071       [5]    _move_AR
0x0076       [5]    _move_AD
0x007B       [5]    _move_AU
0x0080       [5]    _move_AL
0x0085      [12]    ___CC2DW
0x0091       [5]    _move_GC
0x0096      [76]    _main
//** Variables locations ** 
//ADDRESS    SIZE    VARIABLE
//----------------------------------------------
0x0000       [1]    INDF
0x0002       [1]    PCL
0x0003       [1]    STATUS
0x0004       [1]    FSR
0x0006       [1]    PORTB
0x0008       [1]    PORTD
0x000A       [1]    PCLATH
0x000C       [1]    PIR1
0x0018       [1]    RCSTA
0x001A       [1]    RCREG
0x0020       [2]    ___DoICPAddr
0x0022       [1]    _Data
0x0070       [1]    R0
0x0071       [1]    R1
0x0072       [1]    R2
0x0073       [1]    R3
0x0074       [1]    R4
0x0075       [1]    R5
0x0076       [1]    R6
0x0077       [1]    R7
0x0078       [1]    R8
0x0079       [1]    R9
0x007A       [1]    R10
0x007B       [1]    R11
0x007C       [1]    R12
0x007D       [1]    R13
0x007E       [1]    R14
0x007F       [1]    R15
0x0086       [1]    TRISB
0x0087       [0]    TRISC7_bit
0x0087       [0]    TRISC6_bit
0x0088       [1]    TRISD
0x0098       [1]    TXSTA
0x0099       [1]    SPBRG
//** Label List: ** 
//----------------------------------------------
  L_main0
  L_main1
  L_main2
  L_main3
  L_main4
  L_main5
  L_main6
  L_main7
  L_main8
  L_main9
  L_main10
  L_main11
  L_main12
  L_main13
  L_main14
  L_main15
  L_main16
  L_main17
  L_main18
  L_main19
  L_main20
  L_main21
  L_main22
  L_main23
  L_main24
  L_pins_config25
  L_end_main
  _main
  L_end_pins_config
  _pins_config
  L_end_move_F
  _move_F
  L_end_move_R
  _move_R
  L_end_move_L
  _move_L
  L_end_move_B
  _move_B
  L_end_move_S
  _move_S
  L_end_move_AU
  _move_AU
  L_end_move_AD
  _move_AD
  L_end_move_AR
  _move_AR
  L_end_move_AL
  _move_AL
  L_end_move_GO
  _move_GO
  L_end_move_GC
  _move_GC
  L_loopCA2AWs
  L_CA2AWend
  _CCA2AW_Loop1
  L_loopCS2Ss
  L_CS2Send
  _CCS2S_Loop1
  L_CCS2Send
  L_loopFZinSWs
  L_FZinSend
  _CC2D_Loop1
  L_end_____DoICP
  _____DoICP
  L_end_____DoIFC
  _____DoIFC
  L_end___CA2AW
  ___CA2AW
  L_end___CCA2AW
  ___CCA2AW
  L_end___CS2S
  ___CS2S
  L_end___CCS2S
  ___CCS2S
  L_end___FZinS
  ___FZinS
  L_end___CC2DW
  ___CC2DW
  L_end_Swap
  _Swap
  L_UART1_Init0
  L_UART1_Init1
  L_UART1_Read2
  L_UART1_Write3
  L_UART1_Write4
  L_UART1_Write_Text5
  L_UART1_Write_Text6
  L_UART1_Read_Text7
  L_UART1_Read_Text8
  L_UART1_Read_Text9
  L_UART1_Read_Text10
  L_UART1_Read_Text11
  L_UART1_Read_Text12
  L_UART1_Read_Text13
  L_UART1_Read_Text14
  L_UART1_Read_Text15
  L_end_UART1_Init
  _UART1_Init
  L_end_UART1_Data_Ready
  _UART1_Data_Ready
  L_end_UART1_Read
  _UART1_Read
  L_end_UART1_Tx_Idle
  _UART1_Tx_Idle
  L_end_UART1_Write
  _UART1_Write
  L_end_UART1_Write_Text
  _UART1_Write_Text
  L_end_UART1_Read_Text
  _UART1_Read_Text
