;  LST file generated by mikroListExporter - v.2.0 
; Date/Time: 3/29/2020 11:32:41 PM
;----------------------------------------------

;Address Opcode 	ASM
0x0000	0x2895      	GOTO       149
_interrupt:
0x0004	0x00FF      	MOVWF      R15
0x0005	0x0E03      	SWAPF      STATUS, 0
0x0006	0x0183      	CLRF       STATUS
0x0007	0x00A5      	MOVWF      ___saveSTATUS
0x0008	0x080A      	MOVF       PCLATH, 0
0x0009	0x00A6      	MOVWF      ___savePCLATH
0x000A	0x018A      	CLRF       PCLATH
0x000B	0x087B      	MOVF       R11, 0
0x000C	0x00A2      	MOVWF      34
0x000D	0x087C      	MOVF       R12, 0
0x000E	0x00A1      	MOVWF      33
0x000F	0x087D      	MOVF       R13, 0
0x0010	0x00A0      	MOVWF      32
;Traffic_Interrupt.c,3 :: 		void interrupt()
;Traffic_Interrupt.c,5 :: 		intcon.intf = 0;
0x0011	0x108B      	BCF        INTCON, 1
;Traffic_Interrupt.c,6 :: 		while(1)
L_interrupt0:
;Traffic_Interrupt.c,8 :: 		portc = 0b00010010;        delay_ms(1000);
0x0012	0x3012      	MOVLW      18
0x0013	0x0087      	MOVWF      PORTC
0x0014	0x300B      	MOVLW      11
0x0015	0x00FB      	MOVWF      R11
0x0016	0x3026      	MOVLW      38
0x0017	0x00FC      	MOVWF      R12
0x0018	0x305D      	MOVLW      93
0x0019	0x00FD      	MOVWF      R13
L_interrupt2:
0x001A	0x0BFD      	DECFSZ     R13, 1
0x001B	0x281A      	GOTO       L_interrupt2
0x001C	0x0BFC      	DECFSZ     R12, 1
0x001D	0x281A      	GOTO       L_interrupt2
0x001E	0x0BFB      	DECFSZ     R11, 1
0x001F	0x281A      	GOTO       L_interrupt2
0x0020	0x0000      	NOP
0x0021	0x0000      	NOP
;Traffic_Interrupt.c,9 :: 		portc = 0;        delay_ms(1000);
0x0022	0x0187      	CLRF       PORTC
0x0023	0x300B      	MOVLW      11
0x0024	0x00FB      	MOVWF      R11
0x0025	0x3026      	MOVLW      38
0x0026	0x00FC      	MOVWF      R12
0x0027	0x305D      	MOVLW      93
0x0028	0x00FD      	MOVWF      R13
L_interrupt3:
0x0029	0x0BFD      	DECFSZ     R13, 1
0x002A	0x2829      	GOTO       L_interrupt3
0x002B	0x0BFC      	DECFSZ     R12, 1
0x002C	0x2829      	GOTO       L_interrupt3
0x002D	0x0BFB      	DECFSZ     R11, 1
0x002E	0x2829      	GOTO       L_interrupt3
0x002F	0x0000      	NOP
0x0030	0x0000      	NOP
;Traffic_Interrupt.c,10 :: 		}
0x0031	0x2812      	GOTO       L_interrupt0
;Traffic_Interrupt.c,11 :: 		}
L_end_interrupt:
L__interrupt13:
0x0032	0x0822      	MOVF       34, 0
0x0033	0x00FB      	MOVWF      R11
0x0034	0x0821      	MOVF       33, 0
0x0035	0x00FC      	MOVWF      R12
0x0036	0x0820      	MOVF       32, 0
0x0037	0x00FD      	MOVWF      R13
0x0038	0x0826      	MOVF       ___savePCLATH, 0
0x0039	0x008A      	MOVWF      PCLATH
0x003A	0x0E25      	SWAPF      ___saveSTATUS, 0
0x003B	0x0083      	MOVWF      STATUS
0x003C	0x0EFF      	SWAPF      R15, 1
0x003D	0x0E7F      	SWAPF      R15, 0
0x003E	0x0009      	RETFIE
; end of _interrupt
_____DoICP:
;__Lib_System.c,6 :: 		
;__Lib_System.c,9 :: 		
0x003F	0x1283      	BCF        STATUS, 5
0x0040	0x1303      	BCF        STATUS, 6
0x0041	0x0824      	MOVF       ___DoICPAddr+1, 0
0x0042	0x008A      	MOVWF      PCLATH
;__Lib_System.c,10 :: 		
0x0043	0x0823      	MOVF       ___DoICPAddr, 0
0x0044	0x0082      	MOVWF      PCL
;__Lib_System.c,12 :: 		
L_end_____DoICP:
0x0045	0x0008      	RETURN
; end of _____DoICP
_display:
;Traffic_Interrupt.c,13 :: 		void display()
;Traffic_Interrupt.c,15 :: 		portc = 0b00100001;        delay_ms(1000);
0x0046	0x3021      	MOVLW      33
0x0047	0x1283      	BCF        STATUS, 5
0x0048	0x1303      	BCF        STATUS, 6
0x0049	0x0087      	MOVWF      PORTC
0x004A	0x300B      	MOVLW      11
0x004B	0x00FB      	MOVWF      R11
0x004C	0x3026      	MOVLW      38
0x004D	0x00FC      	MOVWF      R12
0x004E	0x305D      	MOVLW      93
0x004F	0x00FD      	MOVWF      R13
L_display4:
0x0050	0x0BFD      	DECFSZ     R13, 1
0x0051	0x2850      	GOTO       L_display4
0x0052	0x0BFC      	DECFSZ     R12, 1
0x0053	0x2850      	GOTO       L_display4
0x0054	0x0BFB      	DECFSZ     R11, 1
0x0055	0x2850      	GOTO       L_display4
0x0056	0x0000      	NOP
0x0057	0x0000      	NOP
;Traffic_Interrupt.c,16 :: 		portc = 0b00110011;        delay_ms(1000);
0x0058	0x3033      	MOVLW      51
0x0059	0x0087      	MOVWF      PORTC
0x005A	0x300B      	MOVLW      11
0x005B	0x00FB      	MOVWF      R11
0x005C	0x3026      	MOVLW      38
0x005D	0x00FC      	MOVWF      R12
0x005E	0x305D      	MOVLW      93
0x005F	0x00FD      	MOVWF      R13
L_display5:
0x0060	0x0BFD      	DECFSZ     R13, 1
0x0061	0x2860      	GOTO       L_display5
0x0062	0x0BFC      	DECFSZ     R12, 1
0x0063	0x2860      	GOTO       L_display5
0x0064	0x0BFB      	DECFSZ     R11, 1
0x0065	0x2860      	GOTO       L_display5
0x0066	0x0000      	NOP
0x0067	0x0000      	NOP
;Traffic_Interrupt.c,17 :: 		portc = 0b00001100;        delay_ms(1000);
0x0068	0x300C      	MOVLW      12
0x0069	0x0087      	MOVWF      PORTC
0x006A	0x300B      	MOVLW      11
0x006B	0x00FB      	MOVWF      R11
0x006C	0x3026      	MOVLW      38
0x006D	0x00FC      	MOVWF      R12
0x006E	0x305D      	MOVLW      93
0x006F	0x00FD      	MOVWF      R13
L_display6:
0x0070	0x0BFD      	DECFSZ     R13, 1
0x0071	0x2870      	GOTO       L_display6
0x0072	0x0BFC      	DECFSZ     R12, 1
0x0073	0x2870      	GOTO       L_display6
0x0074	0x0BFB      	DECFSZ     R11, 1
0x0075	0x2870      	GOTO       L_display6
0x0076	0x0000      	NOP
0x0077	0x0000      	NOP
;Traffic_Interrupt.c,18 :: 		portc = 0b00011110;        delay_ms(1000);
0x0078	0x301E      	MOVLW      30
0x0079	0x0087      	MOVWF      PORTC
0x007A	0x300B      	MOVLW      11
0x007B	0x00FB      	MOVWF      R11
0x007C	0x3026      	MOVLW      38
0x007D	0x00FC      	MOVWF      R12
0x007E	0x305D      	MOVLW      93
0x007F	0x00FD      	MOVWF      R13
L_display7:
0x0080	0x0BFD      	DECFSZ     R13, 1
0x0081	0x2880      	GOTO       L_display7
0x0082	0x0BFC      	DECFSZ     R12, 1
0x0083	0x2880      	GOTO       L_display7
0x0084	0x0BFB      	DECFSZ     R11, 1
0x0085	0x2880      	GOTO       L_display7
0x0086	0x0000      	NOP
0x0087	0x0000      	NOP
;Traffic_Interrupt.c,19 :: 		}
L_end_display:
0x0088	0x0008      	RETURN
; end of _display
___CC2DW:
;__Lib_System.c,134 :: 		
;__Lib_System.c,137 :: 		
_CC2D_Loop1:
;__Lib_System.c,139 :: 		
0x0089	0x203F      	CALL       _____DoICP
0x008A	0x118A      	BCF        PCLATH, 3
0x008B	0x120A      	BCF        PCLATH, 4
;__Lib_System.c,141 :: 		
0x008C	0x0080      	MOVWF      INDF
;__Lib_System.c,142 :: 		
0x008D	0x0A84      	INCF       FSR, 1
;__Lib_System.c,143 :: 		
0x008E	0x0AA3      	INCF       ___DoICPAddr, 1
;__Lib_System.c,145 :: 		
0x008F	0x1903      	BTFSC      STATUS, 2
;__Lib_System.c,146 :: 		
0x0090	0x0AA4      	INCF       ___DoICPAddr+1, 1
;__Lib_System.c,147 :: 		
0x0091	0x03F0      	DECF       R0, 1
;__Lib_System.c,149 :: 		
0x0092	0x1D03      	BTFSS      STATUS, 2
;__Lib_System.c,150 :: 		
0x0093	0x2889      	GOTO       _CC2D_Loop1
;__Lib_System.c,152 :: 		
L_end___CC2DW:
0x0094	0x0008      	RETURN
; end of ___CC2DW
_main:
;Traffic_Interrupt.c,21 :: 		void main() {
;Traffic_Interrupt.c,22 :: 		trisc = 0;  portc = 0;
0x0095	0x1683      	BSF        STATUS, 5
0x0096	0x1303      	BCF        STATUS, 6
0x0097	0x0187      	CLRF       TRISC
0x0098	0x1283      	BCF        STATUS, 5
0x0099	0x0187      	CLRF       PORTC
;Traffic_Interrupt.c,23 :: 		trisd.f0 = 1;     portd = 0;
0x009A	0x1683      	BSF        STATUS, 5
0x009B	0x1408      	BSF        TRISD, 0
0x009C	0x1283      	BCF        STATUS, 5
0x009D	0x0188      	CLRF       PORTD
;Traffic_Interrupt.c,24 :: 		intcon.inte = 1;  intcon.gie = 1;       option_reg.intedg = 0;
0x009E	0x160B      	BSF        INTCON, 4
0x009F	0x178B      	BSF        INTCON, 7
0x00A0	0x1683      	BSF        STATUS, 5
0x00A1	0x1301      	BCF        OPTION_REG, 6
;Traffic_Interrupt.c,26 :: 		while(start == 1);           //check for start releasing
L_main8:
0x00A2	0x1283      	BCF        STATUS, 5
0x00A3	0x1C08      	BTFSS      PORTD, 0
0x00A4	0x28A6      	GOTO       L_main9
0x00A5	0x28A2      	GOTO       L_main8
L_main9:
;Traffic_Interrupt.c,27 :: 		while(1)
L_main10:
;Traffic_Interrupt.c,28 :: 		display();
0x00A6	0x2046      	CALL       _display
0x00A7	0x28A6      	GOTO       L_main10
;Traffic_Interrupt.c,29 :: 		}
L_end_main:
0x00A8	0x28A8      	GOTO       $+0
; end of _main
Symbol List:
//** Routines locations **
//ADDRESS    SIZE    PROCEDURE
//----------------------------------------------
0x0004      [59]    _interrupt
0x003F       [7]    _____DoICP
0x0046      [67]    _display
0x0089      [12]    ___CC2DW
0x0095      [20]    _main
//** Variables locations ** 
//ADDRESS    SIZE    VARIABLE
//----------------------------------------------
0x0000       [1]    INDF
0x0002       [1]    PCL
0x0003       [1]    STATUS
0x0004       [1]    FSR
0x0007       [1]    PORTC
0x0008       [1]    PORTD
0x000A       [1]    PCLATH
0x000B       [1]    INTCON
0x0023       [2]    ___DoICPAddr
0x0025       [1]    ___saveSTATUS
0x0026       [1]    ___savePCLATH
0x0070       [1]    R0
0x0071       [1]    R1
0x0072       [1]    R2
0x0073       [1]    R3
0x0074       [1]    R4
0x0075       [1]    R5
0x0076       [1]    R6
0x0077       [1]    R7
0x0078       [1]    R8
0x0079       [1]    R9
0x007A       [1]    R10
0x007B       [1]    R11
0x007C       [1]    R12
0x007D       [1]    R13
0x007E       [1]    R14
0x007F       [1]    R15
0x0081       [1]    OPTION_REG
0x0087       [1]    TRISC
0x0088       [1]    TRISD
//** Label List: ** 
//----------------------------------------------
  L_interrupt0
  L_interrupt1
  L_interrupt2
  L_interrupt3
  L_display4
  L_display5
  L_display6
  L_display7
  L_main8
  L_main9
  L_main10
  L_main11
  L_end_interrupt
  _interrupt
  L__interrupt13
  L_end_display
  _display
  L_end_main
  _main
  L_loopCA2AWs
  L_CA2AWend
  _CCA2AW_Loop1
  L_loopCS2Ss
  L_CS2Send
  _CCS2S_Loop1
  L_CCS2Send
  L_loopFZinSWs
  L_FZinSend
  _CC2D_Loop1
  L_end_____DoICP
  _____DoICP
  L_end_____DoIFC
  _____DoIFC
  L_end___CA2AW
  ___CA2AW
  L_end___CCA2AW
  ___CCA2AW
  L_end___CS2S
  ___CS2S
  L_end___CCS2S
  ___CCS2S
  L_end___FZinS
  ___FZinS
  L_end___CC2DW
  ___CC2DW
  L_end_Swap
  _Swap
  L_interrupt0
  L_interrupt1
  L_interrupt2
  L_interrupt3
  L_display4
  L_display5
  L_display6
  L_display7
  L_main8
  L_main9
  L_main10
  L_main11
  L_end_interrupt
  _interrupt
  L__interrupt13
  L_end_display
  _display
  L_end_main
  _main
